[2025-12-18 20:19:04] GET /
[2025-12-18 20:19:12] GET /posts
[2025-12-18 20:20:49] GET /
[2025-12-18 20:20:49] GET /style.css
[2025-12-18 20:20:49] GET /favicon.ico
[2025-12-18 20:20:56] GET /
[2025-12-18 20:21:19] GET /
[2025-12-18 20:21:57] GET /
[2025-12-18 20:22:18] GET /
[2025-12-18 20:23:45] GET /
[2025-12-18 20:23:46] GET /posts
[2025-12-18 20:24:06] GET /
[2025-12-18 20:24:38] GET /
[2025-12-18 20:24:38] GET /posts
[2025-12-18 20:24:39] GET /posts/1
[2025-12-18 20:24:44] GET /posts/new
[2025-12-18 20:24:44] GET /posts/1/edit
[2025-12-18 20:24:50] GET /style.css
[2025-12-18 20:24:50] GET /unknown
[2025-12-18 20:24:59] GET /posts/1
[2025-12-18 20:26:16] GET /posts/1
[2025-12-18 20:26:22] GET /posts/1
[2025-12-18 20:27:00] GET /
[2025-12-18 20:27:01] GET /
[2025-12-18 20:27:01] GET /
[2025-12-18 20:27:02] GET /
[2025-12-18 20:27:02] GET /
[2025-12-18 20:27:25] GET /
[2025-12-18 20:27:26] GET /
[2025-12-18 20:27:26] GET /
[2025-12-18 20:27:31] GET /posts/1
[2025-12-18 20:29:20] GET /posts/1
[2025-12-18 20:29:21] GET /posts/1/edit
[2025-12-18 20:29:32] GET /
[2025-12-18 20:29:32] GET /posts
[2025-12-18 20:29:32] GET /posts/1
[2025-12-18 20:29:33] GET /posts/new
[2025-12-18 20:29:33] GET /posts/1/edit
[2025-12-18 20:29:34] GET /style.css
[2025-12-18 20:29:34] GET /unknown
[2025-12-18 20:31:03] GET /
[2025-12-18 20:31:03] GET /posts
[2025-12-18 20:31:04] GET /posts/1
[2025-12-18 20:31:04] GET /posts/new
[2025-12-18 20:31:04] GET /posts/1/edit
[2025-12-18 20:31:05] GET /style.css
[2025-12-18 20:31:05] GET /unknown
[2025-12-18 20:31:11] GET /
[2025-12-18 20:31:12] GET /posts
[2025-12-18 20:31:12] GET /posts/1
[2025-12-18 20:31:12] GET /posts/new
[2025-12-18 20:31:13] GET /posts/1/edit
[2025-12-18 20:31:13] GET /style.css
[2025-12-18 20:31:13] GET /unknown
[2025-12-18 20:31:27] GET /
[2025-12-18 20:31:27] GET /style.css
[2025-12-18 20:31:29] GET /posts
[2025-12-18 20:31:33] GET /posts/1
[2025-12-18 20:31:36] GET /
[2025-12-18 20:31:37] GET /posts
[2025-12-18 20:31:38] GET /
[2025-12-18 20:31:38] GET /
[2025-12-18 20:31:40] GET /
[2025-12-18 20:31:41] GET /
[2025-12-18 20:31:42] GET /
[2025-12-18 20:31:42] GET /
[2025-12-18 20:31:43] GET /style.css
[2025-12-18 20:31:44] GET /
[2025-12-18 20:32:07] GET /
[2025-12-18 20:32:09] GET /
[2025-12-18 20:32:09] GET /.well-known/appspecific/com.chrome.devtools.json
[2025-12-18 20:32:10] GET /
[2025-12-18 20:32:10] GET /.well-known/appspecific/com.chrome.devtools.json
[2025-12-18 20:32:10] GET /
[2025-12-18 20:32:10] GET /.well-known/appspecific/com.chrome.devtools.json
[2025-12-18 20:32:55] GET /
[2025-12-18 20:32:55] GET /
[2025-12-18 20:32:55] GET /.well-known/appspecific/com.chrome.devtools.json
[2025-12-18 20:32:55] GET /
[2025-12-18 20:32:56] GET /
[2025-12-18 20:32:56] GET /
[2025-12-18 20:32:56] GET /.well-known/appspecific/com.chrome.devtools.json
[2025-12-18 20:32:57] GET /posts/new
[2025-12-18 20:32:57] GET /.well-known/appspecific/com.chrome.devtools.json
[2025-12-18 20:32:59] GET /posts
[2025-12-18 20:32:59] GET /.well-known/appspecific/com.chrome.devtools.json
[2025-12-18 20:33:00] GET /posts
[2025-12-18 20:33:00] GET /.well-known/appspecific/com.chrome.devtools.json
[2025-12-18 20:33:01] GET /posts
[2025-12-18 20:33:01] GET /.well-known/appspecific/com.chrome.devtools.json
[2025-12-18 20:33:01] GET /posts
[2025-12-18 20:33:01] GET /.well-known/appspecific/com.chrome.devtools.json
[2025-12-18 20:39:53] GET /
[2025-12-18 20:39:54] GET /
[2025-12-18 20:39:55] GET /
[2025-12-18 20:39:55] GET /
[2025-12-18 20:39:56] GET /style.css
